Using pre-set license
Built from '2020.3/release' branch; Version is '2020.3.7f1 (dd97f2c94397) revision 14522354'; Using compiler version '192528614'; Build Type 'Release'
OS: 'Windows 10 Home; OS build 19042.928; Version 2009; 64bit' Language: 'en' Physical Memory: 16269 MB
BatchMode: 1, IsHumanControllingUs: 0, StartBugReporterOnCrash: 0, Is64bit: 1, IsPro: 0

 COMMAND LINE ARGUMENTS:
C:\Program Files\Unity\Hub\Editor\2020.3.7f1\Editor\Unity.exe
-adb2
-batchMode
-noUpm
-name
AssetImportWorker0
-projectPath
D:/UNITY/Zombie Runner
-logFile
Logs/AssetImportWorker0.log
-srvPort
51311
Successfully changed project path to: D:/UNITY/Zombie Runner
D:/UNITY/Zombie Runner
Using Asset Import Pipeline V2.
Refreshing native plugins compatible for Editor in 40.77 ms, found 0 plugins.
Preloading 0 native plugins for Editor in 0.00 ms.
Initialize engine version: 2020.3.7f1 (dd97f2c94397)
[Subsystems] Discovering subsystems at path C:/Program Files/Unity/Hub/Editor/2020.3.7f1/Editor/Data/Resources/UnitySubsystems
[Subsystems] Discovering subsystems at path D:/UNITY/Zombie Runner/Assets
GfxDevice: creating device client; threaded=0
Direct3D:
    Version:  Direct3D 11.0 [level 11.1]
    Renderer: NVIDIA GeForce RTX 2080 Super with Max-Q Design (ID=0x1e93)
    Vendor:   
    VRAM:     8010 MB
    Driver:   27.21.14.6627
Initialize mono
Mono path[0] = 'C:/Program Files/Unity/Hub/Editor/2020.3.7f1/Editor/Data/Managed'
Mono path[1] = 'C:/Program Files/Unity/Hub/Editor/2020.3.7f1/Editor/Data/MonoBleedingEdge/lib/mono/unityjit'
Mono config path = 'C:/Program Files/Unity/Hub/Editor/2020.3.7f1/Editor/Data/MonoBleedingEdge/etc'
Using monoOptions --debugger-agent=transport=dt_socket,embedding=1,server=y,suspend=n,address=127.0.0.1:56204
Begin MonoManager ReloadAssembly
Registering precompiled unity dll's ...
Register platform support module: C:/Program Files/Unity/Hub/Editor/2020.3.7f1/Editor/Data/PlaybackEngines/WebGLSupport/UnityEditor.WebGL.Extensions.dll
Register platform support module: C:/Program Files/Unity/Hub/Editor/2020.3.7f1/Editor/Data/PlaybackEngines/WindowsStandaloneSupport/UnityEditor.WindowsStandalone.Extensions.dll
Registered in 0.001572 seconds.
Native extension for WindowsStandalone target not found
Native extension for WebGL target not found
Refreshing native plugins compatible for Editor in 59.05 ms, found 0 plugins.
Preloading 0 native plugins for Editor in 0.00 ms.
Mono: successfully reloaded assembly
- Completed reload, in  1.682 seconds
Platform modules already initialized, skipping
Registering precompiled user dll's ...
Registered in 0.000613 seconds.
Begin MonoManager ReloadAssembly
Native extension for WindowsStandalone target not found
Native extension for WebGL target not found
Refreshing native plugins compatible for Editor in 0.40 ms, found 0 plugins.
Preloading 0 native plugins for Editor in 0.00 ms.
Mono: successfully reloaded assembly
- Completed reload, in  0.774 seconds
Platform modules already initialized, skipping
========================================================================
Worker process is ready to serve import requests
Launched and connected shader compiler UnityShaderCompiler.exe after 0.03 seconds
Refreshing native plugins compatible for Editor in 0.42 ms, found 0 plugins.
Preloading 0 native plugins for Editor in 0.00 ms.
Unloading 1893 Unused Serialized files (Serialized files now loaded: 0)
System memory in use before: 136.0 MB.
System memory in use after: 135.8 MB.

Unloading 72 unused Assets to reduce memory usage. Loaded Objects now: 2378.
Total: 2.078700 ms (FindLiveObjects: 0.207600 ms CreateObjectMapping: 0.089900 ms MarkObjects: 1.407700 ms  DeleteObjects: 0.372800 ms)

========================================================================
Received Import Request.
  path: Assets/Sun_Temple/Scenes/DemoScene.unity
  artifactKey: Guid(d8f213b28287d8b4dab42cf4a34f94e5) Importer(815301076,1909f56bfc062723c751e8b465ee728b)
Start importing Assets/Sun_Temple/Scenes/DemoScene.unity using Guid(d8f213b28287d8b4dab42cf4a34f94e5) Importer(815301076,1909f56bfc062723c751e8b465ee728b)  -> (artifact id: 'a31892c04299c6c2c99c5d10cd9ed4d8') in 0.008304 seconds
  Import took 0.010949 seconds .

========================================================================
Received Import Request.
  Time since last request: 0.000127 seconds.
  path: Assets/Sun_Temple/Scenes
  artifactKey: Guid(c973ee7d1be8d1e44a839b65579201c1) Importer(815301076,1909f56bfc062723c751e8b465ee728b)
Start importing Assets/Sun_Temple/Scenes using Guid(c973ee7d1be8d1e44a839b65579201c1) Importer(815301076,1909f56bfc062723c751e8b465ee728b)  -> (artifact id: '310c57c2a5bc24232fcd602ec250252d') in 0.003761 seconds
  Import took 0.005753 seconds .

========================================================================
Received Prepare
Registering precompiled user dll's ...
Registered in 0.000639 seconds.
Begin MonoManager ReloadAssembly
Native extension for WindowsStandalone target not found
Native extension for WebGL target not found
Refreshing native plugins compatible for Editor in 0.46 ms, found 0 plugins.
Preloading 0 native plugins for Editor in 0.00 ms.
Warning: Annotation not found!
UnityEngine.StackTraceUtility:ExtractStackTrace ()
UnityEditor.ProBuilder.EditorUtility:SetGizmoIconEnabled (System.Type,bool) (at Library/PackageCache/com.unity.probuilder@4.5.0/Editor/EditorCore/EditorUtility.cs:593)
UnityEditor.ProBuilder.HierarchyListener:.cctor () (at Library/PackageCache/com.unity.probuilder@4.5.0/Editor/EditorCore/HierarchyListener.cs:21)
System.Runtime.CompilerServices.RuntimeHelpers:RunClassConstructor (System.RuntimeTypeHandle)
UnityEditor.EditorAssemblies:ProcessInitializeOnLoadAttributes (System.Type[])

[Library/PackageCache/com.unity.probuilder@4.5.0/Editor/EditorCore/EditorUtility.cs line 593]

Mono: successfully reloaded assembly
- Completed reload, in  0.720 seconds
Platform modules already initialized, skipping
Refreshing native plugins compatible for Editor in 0.43 ms, found 0 plugins.
Preloading 0 native plugins for Editor in 0.00 ms.
Unloading 1729 Unused Serialized files (Serialized files now loaded: 0)
System memory in use before: 120.7 MB.
System memory in use after: 120.5 MB.

Unloading 6 unused Assets to reduce memory usage. Loaded Objects now: 2381.
Total: 2.442700 ms (FindLiveObjects: 0.491600 ms CreateObjectMapping: 0.124300 ms MarkObjects: 1.551200 ms  DeleteObjects: 0.274300 ms)

========================================================================
Received Prepare
Registering precompiled user dll's ...
Registered in 0.000691 seconds.
Begin MonoManager ReloadAssembly
Native extension for WindowsStandalone target not found
Native extension for WebGL target not found
Refreshing native plugins compatible for Editor in 0.53 ms, found 0 plugins.
Preloading 0 native plugins for Editor in 0.00 ms.
Warning: Annotation not found!
UnityEngine.StackTraceUtility:ExtractStackTrace ()
UnityEditor.ProBuilder.EditorUtility:SetGizmoIconEnabled (System.Type,bool) (at Library/PackageCache/com.unity.probuilder@4.5.0/Editor/EditorCore/EditorUtility.cs:593)
UnityEditor.ProBuilder.HierarchyListener:.cctor () (at Library/PackageCache/com.unity.probuilder@4.5.0/Editor/EditorCore/HierarchyListener.cs:21)
System.Runtime.CompilerServices.RuntimeHelpers:RunClassConstructor (System.RuntimeTypeHandle)
UnityEditor.EditorAssemblies:ProcessInitializeOnLoadAttributes (System.Type[])

[Library/PackageCache/com.unity.probuilder@4.5.0/Editor/EditorCore/EditorUtility.cs line 593]

Mono: successfully reloaded assembly
- Completed reload, in  0.658 seconds
Platform modules already initialized, skipping
Refreshing native plugins compatible for Editor in 0.45 ms, found 0 plugins.
Preloading 0 native plugins for Editor in 0.00 ms.
Unloading 1729 Unused Serialized files (Serialized files now loaded: 0)
System memory in use before: 120.8 MB.
System memory in use after: 120.5 MB.

Unloading 6 unused Assets to reduce memory usage. Loaded Objects now: 2384.
Total: 2.358400 ms (FindLiveObjects: 0.203500 ms CreateObjectMapping: 0.078400 ms MarkObjects: 1.746800 ms  DeleteObjects: 0.328400 ms)

========================================================================
Received Prepare
Registering precompiled user dll's ...
Registered in 0.000613 seconds.
Begin MonoManager ReloadAssembly
Native extension for WindowsStandalone target not found
Native extension for WebGL target not found
Refreshing native plugins compatible for Editor in 0.41 ms, found 0 plugins.
Preloading 0 native plugins for Editor in 0.00 ms.
Warning: Annotation not found!
UnityEngine.StackTraceUtility:ExtractStackTrace ()
UnityEditor.ProBuilder.EditorUtility:SetGizmoIconEnabled (System.Type,bool) (at Library/PackageCache/com.unity.probuilder@4.5.0/Editor/EditorCore/EditorUtility.cs:593)
UnityEditor.ProBuilder.HierarchyListener:.cctor () (at Library/PackageCache/com.unity.probuilder@4.5.0/Editor/EditorCore/HierarchyListener.cs:21)
System.Runtime.CompilerServices.RuntimeHelpers:RunClassConstructor (System.RuntimeTypeHandle)
UnityEditor.EditorAssemblies:ProcessInitializeOnLoadAttributes (System.Type[])

[Library/PackageCache/com.unity.probuilder@4.5.0/Editor/EditorCore/EditorUtility.cs line 593]

Mono: successfully reloaded assembly
- Completed reload, in  0.727 seconds
Platform modules already initialized, skipping
Refreshing native plugins compatible for Editor in 0.46 ms, found 0 plugins.
Preloading 0 native plugins for Editor in 0.00 ms.
Unloading 1729 Unused Serialized files (Serialized files now loaded: 0)
System memory in use before: 120.7 MB.
System memory in use after: 120.5 MB.

Unloading 6 unused Assets to reduce memory usage. Loaded Objects now: 2387.
Total: 2.474400 ms (FindLiveObjects: 0.314100 ms CreateObjectMapping: 0.155500 ms MarkObjects: 1.636000 ms  DeleteObjects: 0.367600 ms)

========================================================================
Received Prepare
Registering precompiled user dll's ...
Registered in 0.000809 seconds.
Begin MonoManager ReloadAssembly
Native extension for WindowsStandalone target not found
Native extension for WebGL target not found
Refreshing native plugins compatible for Editor in 0.44 ms, found 0 plugins.
Preloading 0 native plugins for Editor in 0.00 ms.
Warning: Annotation not found!
UnityEngine.StackTraceUtility:ExtractStackTrace ()
UnityEditor.ProBuilder.EditorUtility:SetGizmoIconEnabled (System.Type,bool) (at Library/PackageCache/com.unity.probuilder@4.5.0/Editor/EditorCore/EditorUtility.cs:593)
UnityEditor.ProBuilder.HierarchyListener:.cctor () (at Library/PackageCache/com.unity.probuilder@4.5.0/Editor/EditorCore/HierarchyListener.cs:21)
System.Runtime.CompilerServices.RuntimeHelpers:RunClassConstructor (System.RuntimeTypeHandle)
UnityEditor.EditorAssemblies:ProcessInitializeOnLoadAttributes (System.Type[])

[Library/PackageCache/com.unity.probuilder@4.5.0/Editor/EditorCore/EditorUtility.cs line 593]

Mono: successfully reloaded assembly
- Completed reload, in  0.628 seconds
Platform modules already initialized, skipping
Refreshing native plugins compatible for Editor in 0.43 ms, found 0 plugins.
Preloading 0 native plugins for Editor in 0.00 ms.
Unloading 1729 Unused Serialized files (Serialized files now loaded: 0)
System memory in use before: 120.8 MB.
System memory in use after: 120.5 MB.

Unloading 6 unused Assets to reduce memory usage. Loaded Objects now: 2390.
Total: 2.616800 ms (FindLiveObjects: 0.227600 ms CreateObjectMapping: 0.093700 ms MarkObjects: 1.957900 ms  DeleteObjects: 0.336600 ms)

========================================================================
Received Prepare
Registering precompiled user dll's ...
Registered in 0.001036 seconds.
Begin MonoManager ReloadAssembly
Native extension for WindowsStandalone target not found
Native extension for WebGL target not found
Refreshing native plugins compatible for Editor in 0.41 ms, found 0 plugins.
Preloading 0 native plugins for Editor in 0.00 ms.
Warning: Annotation not found!
UnityEngine.StackTraceUtility:ExtractStackTrace ()
UnityEditor.ProBuilder.EditorUtility:SetGizmoIconEnabled (System.Type,bool) (at Library/PackageCache/com.unity.probuilder@4.5.0/Editor/EditorCore/EditorUtility.cs:593)
UnityEditor.ProBuilder.HierarchyListener:.cctor () (at Library/PackageCache/com.unity.probuilder@4.5.0/Editor/EditorCore/HierarchyListener.cs:21)
System.Runtime.CompilerServices.RuntimeHelpers:RunClassConstructor (System.RuntimeTypeHandle)
UnityEditor.EditorAssemblies:ProcessInitializeOnLoadAttributes (System.Type[])

[Library/PackageCache/com.unity.probuilder@4.5.0/Editor/EditorCore/EditorUtility.cs line 593]

Mono: successfully reloaded assembly
- Completed reload, in  0.658 seconds
Platform modules already initialized, skipping
Refreshing native plugins compatible for Editor in 0.52 ms, found 0 plugins.
Preloading 0 native plugins for Editor in 0.00 ms.
Unloading 1730 Unused Serialized files (Serialized files now loaded: 0)
System memory in use before: 120.8 MB.
System memory in use after: 120.6 MB.

Unloading 6 unused Assets to reduce memory usage. Loaded Objects now: 2394.
Total: 2.100500 ms (FindLiveObjects: 0.183200 ms CreateObjectMapping: 0.052500 ms MarkObjects: 1.541700 ms  DeleteObjects: 0.322400 ms)

========================================================================
Received Import Request.
  Time since last request: 552.771912 seconds.
  path: Assets/BigRookGames/_AssetPacks
  artifactKey: Guid(669f735dd86da614c9b7d329aaab3438) Importer(815301076,1909f56bfc062723c751e8b465ee728b)
Start importing Assets/BigRookGames/_AssetPacks using Guid(669f735dd86da614c9b7d329aaab3438) Importer(815301076,1909f56bfc062723c751e8b465ee728b)  -> (artifact id: 'ea1507113ab25f391402012ec0d6a0f6') in 0.006019 seconds
  Import took 0.008522 seconds .

========================================================================
Received Import Request.
  Time since last request: 0.000907 seconds.
  path: Assets/BigRookGames/_AssetPacks
  artifactKey: Guid(669f735dd86da614c9b7d329aaab3438) Importer(815301076,1909f56bfc062723c751e8b465ee728b)
Start importing Assets/BigRookGames/_AssetPacks using Guid(669f735dd86da614c9b7d329aaab3438) Importer(815301076,1909f56bfc062723c751e8b465ee728b)  -> (artifact id: 'ea1507113ab25f391402012ec0d6a0f6') in 0.001367 seconds
  Import took 0.003821 seconds .

========================================================================
Received Import Request.
  Time since last request: 0.636978 seconds.
  path: Assets/BigRookGames/_AssetPacks/Stylized Weapon Pack
  artifactKey: Guid(c6b62699cc9ed5149a2ee64686d0a388) Importer(815301076,1909f56bfc062723c751e8b465ee728b)
Start importing Assets/BigRookGames/_AssetPacks/Stylized Weapon Pack using Guid(c6b62699cc9ed5149a2ee64686d0a388) Importer(815301076,1909f56bfc062723c751e8b465ee728b)  -> (artifact id: '4db3e4d3b81362fe83dba65cf99a3bd4') in 0.004266 seconds
  Import took 0.007145 seconds .

========================================================================
Received Import Request.
  Time since last request: 0.008093 seconds.
  path: Assets/BigRookGames/_AssetPacks/Stylized Weapon Pack
  artifactKey: Guid(c6b62699cc9ed5149a2ee64686d0a388) Importer(815301076,1909f56bfc062723c751e8b465ee728b)
Start importing Assets/BigRookGames/_AssetPacks/Stylized Weapon Pack using Guid(c6b62699cc9ed5149a2ee64686d0a388) Importer(815301076,1909f56bfc062723c751e8b465ee728b)  -> (artifact id: '4db3e4d3b81362fe83dba65cf99a3bd4') in 0.001730 seconds
  Import took 0.003946 seconds .

========================================================================
Received Import Request.
  Time since last request: 0.748075 seconds.
  path: Assets/BigRookGames/_AssetPacks/Stylized Weapon Pack/M4 Scoped Assault Rifle
  artifactKey: Guid(e41021ef154e928449756e01628bce7e) Importer(815301076,1909f56bfc062723c751e8b465ee728b)
Start importing Assets/BigRookGames/_AssetPacks/Stylized Weapon Pack/M4 Scoped Assault Rifle using Guid(e41021ef154e928449756e01628bce7e) Importer(815301076,1909f56bfc062723c751e8b465ee728b)  -> (artifact id: 'c54892b1ea528355d24936070ebc5827') in 0.004958 seconds
  Import took 0.007535 seconds .

========================================================================
Received Import Request.
  Time since last request: 0.007690 seconds.
  path: Assets/BigRookGames/_AssetPacks/Stylized Weapon Pack/M4 Scoped Assault Rifle
  artifactKey: Guid(e41021ef154e928449756e01628bce7e) Importer(815301076,1909f56bfc062723c751e8b465ee728b)
Start importing Assets/BigRookGames/_AssetPacks/Stylized Weapon Pack/M4 Scoped Assault Rifle using Guid(e41021ef154e928449756e01628bce7e) Importer(815301076,1909f56bfc062723c751e8b465ee728b)  -> (artifact id: 'c54892b1ea528355d24936070ebc5827') in 0.001371 seconds
  Import took 0.003679 seconds .

========================================================================
Received Import Request.
  Time since last request: 1.213321 seconds.
  path: Assets/BigRookGames/_AssetPacks/Stylized Weapon Pack/M4 Scoped Assault Rifle/M4 example scene.unity
  artifactKey: Guid(774694fa15f370445b897a66d5afcbe0) Importer(815301076,1909f56bfc062723c751e8b465ee728b)
Start importing Assets/BigRookGames/_AssetPacks/Stylized Weapon Pack/M4 Scoped Assault Rifle/M4 example scene.unity using Guid(774694fa15f370445b897a66d5afcbe0) Importer(815301076,1909f56bfc062723c751e8b465ee728b)  -> (artifact id: '91606e32746db001309bbce93db18b5f') in 0.019638 seconds
  Import took 0.022184 seconds .

========================================================================
Received Import Request.
  Time since last request: 34.555253 seconds.
  path: Assets/BigRookGames/_AssetPacks/Stylized Weapon Pack/M4 Scoped Assault Rifle/Prefabs
  artifactKey: Guid(ca373da0bcc5dc1478653004cd5da4d2) Importer(815301076,1909f56bfc062723c751e8b465ee728b)
Start importing Assets/BigRookGames/_AssetPacks/Stylized Weapon Pack/M4 Scoped Assault Rifle/Prefabs using Guid(ca373da0bcc5dc1478653004cd5da4d2) Importer(815301076,1909f56bfc062723c751e8b465ee728b)  -> (artifact id: '622ef49974587f272090375a2cc9d491') in 0.004719 seconds
  Import took 0.007680 seconds .

========================================================================
Received Import Request.
  Time since last request: 1.341812 seconds.
  path: Assets/BigRookGames/_AssetPacks/Stylized Weapon Pack/M4 Scoped Assault Rifle/Prefabs/Assault_Rifle_M4_with_scope.prefab
  artifactKey: Guid(fc45b7e62abe3a34da71d3a00638f636) Importer(815301076,1909f56bfc062723c751e8b465ee728b)
Start importing Assets/BigRookGames/_AssetPacks/Stylized Weapon Pack/M4 Scoped Assault Rifle/Prefabs/Assault_Rifle_M4_with_scope.prefab using Guid(fc45b7e62abe3a34da71d3a00638f636) Importer(815301076,1909f56bfc062723c751e8b465ee728b)  -> (artifact id: '605c0bda608902a809ca2e5699e7e596') in 0.098897 seconds
  Import took 0.102067 seconds .

========================================================================
Received Import Request.
  Time since last request: 0.096684 seconds.
  path: Assets/BigRookGames/_AssetPacks/Stylized Weapon Pack/M4 Scoped Assault Rifle/Prefabs/Assault_Rifle_M4_with_scope.prefab
  artifactKey: Guid(fc45b7e62abe3a34da71d3a00638f636) Importer(815301076,1909f56bfc062723c751e8b465ee728b)
Start importing Assets/BigRookGames/_AssetPacks/Stylized Weapon Pack/M4 Scoped Assault Rifle/Prefabs/Assault_Rifle_M4_with_scope.prefab using Guid(fc45b7e62abe3a34da71d3a00638f636) Importer(815301076,1909f56bfc062723c751e8b465ee728b)  -> (artifact id: '605c0bda608902a809ca2e5699e7e596') in 0.015112 seconds
  Import took 0.018219 seconds .

========================================================================
Received Import Request.
  Time since last request: 10.372537 seconds.
  path: Assets/BigRookGames/_AssetPacks/Stylized Weapon Pack/M4 Scoped Assault Rifle/Prefabs/Assault_Rifle_M4.prefab
  artifactKey: Guid(9c32f2e3b18a3a94fa0cb90a4ac1c2fd) Importer(815301076,1909f56bfc062723c751e8b465ee728b)
Start importing Assets/BigRookGames/_AssetPacks/Stylized Weapon Pack/M4 Scoped Assault Rifle/Prefabs/Assault_Rifle_M4.prefab using Guid(9c32f2e3b18a3a94fa0cb90a4ac1c2fd) Importer(815301076,1909f56bfc062723c751e8b465ee728b)  -> (artifact id: '11a0c980df00d433046d3f353c46322e') in 0.015374 seconds
  Import took 0.018343 seconds .

========================================================================
Received Import Request.
  Time since last request: 0.156298 seconds.
  path: Assets/BigRookGames/_AssetPacks/Stylized Weapon Pack/M4 Scoped Assault Rifle/Prefabs/Assault_Rifle_M4.prefab
  artifactKey: Guid(9c32f2e3b18a3a94fa0cb90a4ac1c2fd) Importer(815301076,1909f56bfc062723c751e8b465ee728b)
Start importing Assets/BigRookGames/_AssetPacks/Stylized Weapon Pack/M4 Scoped Assault Rifle/Prefabs/Assault_Rifle_M4.prefab using Guid(9c32f2e3b18a3a94fa0cb90a4ac1c2fd) Importer(815301076,1909f56bfc062723c751e8b465ee728b)  -> (artifact id: '11a0c980df00d433046d3f353c46322e') in 0.010866 seconds
  Import took 0.013982 seconds .

========================================================================
Received Import Request.
  Time since last request: 1.539097 seconds.
  path: Assets/BigRookGames/_AssetPacks/Stylized Weapon Pack/M4 Scoped Assault Rifle/Prefabs/VFX_M4 Muzzle Flash.prefab
  artifactKey: Guid(4543ab5e3d405ec40a8d4e9aa5165030) Importer(815301076,1909f56bfc062723c751e8b465ee728b)
Start importing Assets/BigRookGames/_AssetPacks/Stylized Weapon Pack/M4 Scoped Assault Rifle/Prefabs/VFX_M4 Muzzle Flash.prefab using Guid(4543ab5e3d405ec40a8d4e9aa5165030) Importer(815301076,1909f56bfc062723c751e8b465ee728b)  -> (artifact id: '898c5f1933d92cc28d95912ac48e6919') in 0.006875 seconds
  Import took 0.010060 seconds .

========================================================================
Received Import Request.
  Time since last request: 0.008273 seconds.
  path: Assets/BigRookGames/_AssetPacks/Stylized Weapon Pack/M4 Scoped Assault Rifle/Prefabs/VFX_M4 Muzzle Flash.prefab
  artifactKey: Guid(4543ab5e3d405ec40a8d4e9aa5165030) Importer(815301076,1909f56bfc062723c751e8b465ee728b)
Start importing Assets/BigRookGames/_AssetPacks/Stylized Weapon Pack/M4 Scoped Assault Rifle/Prefabs/VFX_M4 Muzzle Flash.prefab using Guid(4543ab5e3d405ec40a8d4e9aa5165030) Importer(815301076,1909f56bfc062723c751e8b465ee728b)  -> (artifact id: '898c5f1933d92cc28d95912ac48e6919') in 0.003646 seconds
  Import took 0.006778 seconds .

========================================================================
Received Import Request.
  Time since last request: 0.001510 seconds.
  path: Assets/BigRookGames/_AssetPacks/Stylized Weapon Pack/M4 Scoped Assault Rifle/Materials/SoftGlow.mat
  artifactKey: Guid(ad563762ae12eec4db605c6b20f3ea67) Importer(815301076,1909f56bfc062723c751e8b465ee728b)
Start importing Assets/BigRookGames/_AssetPacks/Stylized Weapon Pack/M4 Scoped Assault Rifle/Materials/SoftGlow.mat using Guid(ad563762ae12eec4db605c6b20f3ea67) Importer(815301076,1909f56bfc062723c751e8b465ee728b)  -> (artifact id: '866d48dc162011a00a03e79d9b8f4127') in 0.026396 seconds
  Import took 0.029431 seconds .

========================================================================
Received Prepare
Registering precompiled user dll's ...
Registered in 0.000621 seconds.
Begin MonoManager ReloadAssembly
Native extension for WindowsStandalone target not found
Native extension for WebGL target not found
Refreshing native plugins compatible for Editor in 0.59 ms, found 0 plugins.
Preloading 0 native plugins for Editor in 0.00 ms.
Warning: Annotation not found!
UnityEngine.StackTraceUtility:ExtractStackTrace ()
UnityEditor.ProBuilder.EditorUtility:SetGizmoIconEnabled (System.Type,bool) (at Library/PackageCache/com.unity.probuilder@4.5.0/Editor/EditorCore/EditorUtility.cs:593)
UnityEditor.ProBuilder.HierarchyListener:.cctor () (at Library/PackageCache/com.unity.probuilder@4.5.0/Editor/EditorCore/HierarchyListener.cs:21)
System.Runtime.CompilerServices.RuntimeHelpers:RunClassConstructor (System.RuntimeTypeHandle)
UnityEditor.EditorAssemblies:ProcessInitializeOnLoadAttributes (System.Type[])

[Library/PackageCache/com.unity.probuilder@4.5.0/Editor/EditorCore/EditorUtility.cs line 593]

Mono: successfully reloaded assembly
- Completed reload, in  0.680 seconds
Platform modules already initialized, skipping
Refreshing native plugins compatible for Editor in 0.45 ms, found 0 plugins.
Preloading 0 native plugins for Editor in 0.00 ms.
Unloading 1730 Unused Serialized files (Serialized files now loaded: 0)
System memory in use before: 124.0 MB.
System memory in use after: 123.8 MB.

Unloading 6 unused Assets to reduce memory usage. Loaded Objects now: 2437.
Total: 2.072400 ms (FindLiveObjects: 0.234500 ms CreateObjectMapping: 0.061700 ms MarkObjects: 1.479600 ms  DeleteObjects: 0.295200 ms)

========================================================================
Received Prepare
Registering precompiled user dll's ...
Registered in 0.000497 seconds.
Begin MonoManager ReloadAssembly
Native extension for WindowsStandalone target not found
Native extension for WebGL target not found
Refreshing native plugins compatible for Editor in 0.43 ms, found 0 plugins.
Preloading 0 native plugins for Editor in 0.00 ms.
Warning: Annotation not found!
UnityEngine.StackTraceUtility:ExtractStackTrace ()
UnityEditor.ProBuilder.EditorUtility:SetGizmoIconEnabled (System.Type,bool) (at Library/PackageCache/com.unity.probuilder@4.5.0/Editor/EditorCore/EditorUtility.cs:593)
UnityEditor.ProBuilder.HierarchyListener:.cctor () (at Library/PackageCache/com.unity.probuilder@4.5.0/Editor/EditorCore/HierarchyListener.cs:21)
System.Runtime.CompilerServices.RuntimeHelpers:RunClassConstructor (System.RuntimeTypeHandle)
UnityEditor.EditorAssemblies:ProcessInitializeOnLoadAttributes (System.Type[])

[Library/PackageCache/com.unity.probuilder@4.5.0/Editor/EditorCore/EditorUtility.cs line 593]

Mono: successfully reloaded assembly
- Completed reload, in  0.632 seconds
Platform modules already initialized, skipping
Refreshing native plugins compatible for Editor in 0.43 ms, found 0 plugins.
Preloading 0 native plugins for Editor in 0.00 ms.
Unloading 1730 Unused Serialized files (Serialized files now loaded: 0)
System memory in use before: 124.0 MB.
System memory in use after: 123.8 MB.

Unloading 6 unused Assets to reduce memory usage. Loaded Objects now: 2440.
Total: 2.324600 ms (FindLiveObjects: 0.361600 ms CreateObjectMapping: 0.127100 ms MarkObjects: 1.487000 ms  DeleteObjects: 0.347500 ms)

========================================================================
Received Prepare
Registering precompiled user dll's ...
Registered in 0.000513 seconds.
Begin MonoManager ReloadAssembly
Native extension for WindowsStandalone target not found
Native extension for WebGL target not found
Refreshing native plugins compatible for Editor in 0.44 ms, found 0 plugins.
Preloading 0 native plugins for Editor in 0.00 ms.
Warning: Annotation not found!
UnityEngine.StackTraceUtility:ExtractStackTrace ()
UnityEditor.ProBuilder.EditorUtility:SetGizmoIconEnabled (System.Type,bool) (at Library/PackageCache/com.unity.probuilder@4.5.0/Editor/EditorCore/EditorUtility.cs:593)
UnityEditor.ProBuilder.HierarchyListener:.cctor () (at Library/PackageCache/com.unity.probuilder@4.5.0/Editor/EditorCore/HierarchyListener.cs:21)
System.Runtime.CompilerServices.RuntimeHelpers:RunClassConstructor (System.RuntimeTypeHandle)
UnityEditor.EditorAssemblies:ProcessInitializeOnLoadAttributes (System.Type[])

[Library/PackageCache/com.unity.probuilder@4.5.0/Editor/EditorCore/EditorUtility.cs line 593]

Mono: successfully reloaded assembly
- Completed reload, in  0.656 seconds
Platform modules already initialized, skipping
Refreshing native plugins compatible for Editor in 0.42 ms, found 0 plugins.
Preloading 0 native plugins for Editor in 0.00 ms.
Unloading 1730 Unused Serialized files (Serialized files now loaded: 0)
System memory in use before: 124.1 MB.
System memory in use after: 123.8 MB.

Unloading 6 unused Assets to reduce memory usage. Loaded Objects now: 2443.
Total: 2.317300 ms (FindLiveObjects: 0.269400 ms CreateObjectMapping: 0.084700 ms MarkObjects: 1.621800 ms  DeleteObjects: 0.340400 ms)

========================================================================
Received Import Request.
  Time since last request: 437.884876 seconds.
  path: Assets/Scripts/WeaponSwitcher.cs
  artifactKey: Guid(5f77d3e406b97fd4d8a3fa2d81d78333) Importer(815301076,1909f56bfc062723c751e8b465ee728b)
Start importing Assets/Scripts/WeaponSwitcher.cs using Guid(5f77d3e406b97fd4d8a3fa2d81d78333) Importer(815301076,1909f56bfc062723c751e8b465ee728b)  -> (artifact id: '22746343b274f0d36c095c264d9041d9') in 0.014889 seconds
  Import took 0.017185 seconds .

========================================================================
Received Prepare
Registering precompiled user dll's ...
Registered in 0.000518 seconds.
Begin MonoManager ReloadAssembly
Native extension for WindowsStandalone target not found
Native extension for WebGL target not found
Refreshing native plugins compatible for Editor in 0.43 ms, found 0 plugins.
Preloading 0 native plugins for Editor in 0.00 ms.
Warning: Annotation not found!
UnityEngine.StackTraceUtility:ExtractStackTrace ()
UnityEditor.ProBuilder.EditorUtility:SetGizmoIconEnabled (System.Type,bool) (at Library/PackageCache/com.unity.probuilder@4.5.0/Editor/EditorCore/EditorUtility.cs:593)
UnityEditor.ProBuilder.HierarchyListener:.cctor () (at Library/PackageCache/com.unity.probuilder@4.5.0/Editor/EditorCore/HierarchyListener.cs:21)
System.Runtime.CompilerServices.RuntimeHelpers:RunClassConstructor (System.RuntimeTypeHandle)
UnityEditor.EditorAssemblies:ProcessInitializeOnLoadAttributes (System.Type[])

[Library/PackageCache/com.unity.probuilder@4.5.0/Editor/EditorCore/EditorUtility.cs line 593]

Mono: successfully reloaded assembly
- Completed reload, in  0.634 seconds
Platform modules already initialized, skipping
Refreshing native plugins compatible for Editor in 0.43 ms, found 0 plugins.
Preloading 0 native plugins for Editor in 0.00 ms.
Unloading 1730 Unused Serialized files (Serialized files now loaded: 0)
System memory in use before: 124.1 MB.
System memory in use after: 123.8 MB.

Unloading 6 unused Assets to reduce memory usage. Loaded Objects now: 2446.
Total: 2.598700 ms (FindLiveObjects: 0.366300 ms CreateObjectMapping: 0.162100 ms MarkObjects: 1.653200 ms  DeleteObjects: 0.416200 ms)

========================================================================
Received Prepare
Registering precompiled user dll's ...
Registered in 0.000500 seconds.
Begin MonoManager ReloadAssembly
Native extension for WindowsStandalone target not found
Native extension for WebGL target not found
Refreshing native plugins compatible for Editor in 0.41 ms, found 0 plugins.
Preloading 0 native plugins for Editor in 0.00 ms.
Warning: Annotation not found!
UnityEngine.StackTraceUtility:ExtractStackTrace ()
UnityEditor.ProBuilder.EditorUtility:SetGizmoIconEnabled (System.Type,bool) (at Library/PackageCache/com.unity.probuilder@4.5.0/Editor/EditorCore/EditorUtility.cs:593)
UnityEditor.ProBuilder.HierarchyListener:.cctor () (at Library/PackageCache/com.unity.probuilder@4.5.0/Editor/EditorCore/HierarchyListener.cs:21)
System.Runtime.CompilerServices.RuntimeHelpers:RunClassConstructor (System.RuntimeTypeHandle)
UnityEditor.EditorAssemblies:ProcessInitializeOnLoadAttributes (System.Type[])

[Library/PackageCache/com.unity.probuilder@4.5.0/Editor/EditorCore/EditorUtility.cs line 593]

Mono: successfully reloaded assembly
- Completed reload, in  0.655 seconds
Platform modules already initialized, skipping
Refreshing native plugins compatible for Editor in 0.42 ms, found 0 plugins.
Preloading 0 native plugins for Editor in 0.00 ms.
Unloading 1730 Unused Serialized files (Serialized files now loaded: 0)
System memory in use before: 124.1 MB.
System memory in use after: 123.8 MB.

Unloading 6 unused Assets to reduce memory usage. Loaded Objects now: 2449.
Total: 2.121000 ms (FindLiveObjects: 0.188200 ms CreateObjectMapping: 0.071100 ms MarkObjects: 1.524300 ms  DeleteObjects: 0.336800 ms)

========================================================================
Received Prepare
Registering precompiled user dll's ...
Registered in 0.000893 seconds.
Begin MonoManager ReloadAssembly
Native extension for WindowsStandalone target not found
Native extension for WebGL target not found
Refreshing native plugins compatible for Editor in 0.40 ms, found 0 plugins.
Preloading 0 native plugins for Editor in 0.00 ms.
Warning: Annotation not found!
UnityEngine.StackTraceUtility:ExtractStackTrace ()
UnityEditor.ProBuilder.EditorUtility:SetGizmoIconEnabled (System.Type,bool) (at Library/PackageCache/com.unity.probuilder@4.5.0/Editor/EditorCore/EditorUtility.cs:593)
UnityEditor.ProBuilder.HierarchyListener:.cctor () (at Library/PackageCache/com.unity.probuilder@4.5.0/Editor/EditorCore/HierarchyListener.cs:21)
System.Runtime.CompilerServices.RuntimeHelpers:RunClassConstructor (System.RuntimeTypeHandle)
UnityEditor.EditorAssemblies:ProcessInitializeOnLoadAttributes (System.Type[])

[Library/PackageCache/com.unity.probuilder@4.5.0/Editor/EditorCore/EditorUtility.cs line 593]

Mono: successfully reloaded assembly
- Completed reload, in  0.628 seconds
Platform modules already initialized, skipping
Refreshing native plugins compatible for Editor in 0.53 ms, found 0 plugins.
Preloading 0 native plugins for Editor in 0.00 ms.
Unloading 1730 Unused Serialized files (Serialized files now loaded: 0)
System memory in use before: 124.1 MB.
System memory in use after: 123.8 MB.

Unloading 6 unused Assets to reduce memory usage. Loaded Objects now: 2452.
Total: 2.339700 ms (FindLiveObjects: 0.197900 ms CreateObjectMapping: 0.070600 ms MarkObjects: 1.711800 ms  DeleteObjects: 0.358800 ms)

========================================================================
Received Prepare
Registering precompiled user dll's ...
Registered in 0.000495 seconds.
Begin MonoManager ReloadAssembly
Native extension for WindowsStandalone target not found
Native extension for WebGL target not found
Refreshing native plugins compatible for Editor in 0.45 ms, found 0 plugins.
Preloading 0 native plugins for Editor in 0.00 ms.
Warning: Annotation not found!
UnityEngine.StackTraceUtility:ExtractStackTrace ()
UnityEditor.ProBuilder.EditorUtility:SetGizmoIconEnabled (System.Type,bool) (at Library/PackageCache/com.unity.probuilder@4.5.0/Editor/EditorCore/EditorUtility.cs:593)
UnityEditor.ProBuilder.HierarchyListener:.cctor () (at Library/PackageCache/com.unity.probuilder@4.5.0/Editor/EditorCore/HierarchyListener.cs:21)
System.Runtime.CompilerServices.RuntimeHelpers:RunClassConstructor (System.RuntimeTypeHandle)
UnityEditor.EditorAssemblies:ProcessInitializeOnLoadAttributes (System.Type[])

[Library/PackageCache/com.unity.probuilder@4.5.0/Editor/EditorCore/EditorUtility.cs line 593]

Mono: successfully reloaded assembly
- Completed reload, in  0.653 seconds
Platform modules already initialized, skipping
Refreshing native plugins compatible for Editor in 0.45 ms, found 0 plugins.
Preloading 0 native plugins for Editor in 0.00 ms.
Unloading 1730 Unused Serialized files (Serialized files now loaded: 0)
System memory in use before: 124.1 MB.
System memory in use after: 123.9 MB.

Unloading 6 unused Assets to reduce memory usage. Loaded Objects now: 2455.
Total: 2.249100 ms (FindLiveObjects: 0.295900 ms CreateObjectMapping: 0.064600 ms MarkObjects: 1.561200 ms  DeleteObjects: 0.326300 ms)

========================================================================
Received Prepare
Registering precompiled user dll's ...
Registered in 0.000645 seconds.
Begin MonoManager ReloadAssembly
Native extension for WindowsStandalone target not found
Native extension for WebGL target not found
Refreshing native plugins compatible for Editor in 0.41 ms, found 0 plugins.
Preloading 0 native plugins for Editor in 0.00 ms.
Warning: Annotation not found!
UnityEngine.StackTraceUtility:ExtractStackTrace ()
UnityEditor.ProBuilder.EditorUtility:SetGizmoIconEnabled (System.Type,bool) (at Library/PackageCache/com.unity.probuilder@4.5.0/Editor/EditorCore/EditorUtility.cs:593)
UnityEditor.ProBuilder.HierarchyListener:.cctor () (at Library/PackageCache/com.unity.probuilder@4.5.0/Editor/EditorCore/HierarchyListener.cs:21)
System.Runtime.CompilerServices.RuntimeHelpers:RunClassConstructor (System.RuntimeTypeHandle)
UnityEditor.EditorAssemblies:ProcessInitializeOnLoadAttributes (System.Type[])

[Library/PackageCache/com.unity.probuilder@4.5.0/Editor/EditorCore/EditorUtility.cs line 593]

Mono: successfully reloaded assembly
- Completed reload, in  0.715 seconds
Platform modules already initialized, skipping
Refreshing native plugins compatible for Editor in 0.44 ms, found 0 plugins.
Preloading 0 native plugins for Editor in 0.00 ms.
Unloading 1730 Unused Serialized files (Serialized files now loaded: 0)
System memory in use before: 124.1 MB.
System memory in use after: 123.9 MB.

Unloading 6 unused Assets to reduce memory usage. Loaded Objects now: 2458.
Total: 3.760900 ms (FindLiveObjects: 0.522500 ms CreateObjectMapping: 0.178600 ms MarkObjects: 2.697900 ms  DeleteObjects: 0.361000 ms)

========================================================================
Received Prepare
Registering precompiled user dll's ...
Registered in 0.000433 seconds.
Begin MonoManager ReloadAssembly
Native extension for WindowsStandalone target not found
Native extension for WebGL target not found
Refreshing native plugins compatible for Editor in 0.41 ms, found 0 plugins.
Preloading 0 native plugins for Editor in 0.00 ms.
Warning: Annotation not found!
UnityEngine.StackTraceUtility:ExtractStackTrace ()
UnityEditor.ProBuilder.EditorUtility:SetGizmoIconEnabled (System.Type,bool) (at Library/PackageCache/com.unity.probuilder@4.5.0/Editor/EditorCore/EditorUtility.cs:593)
UnityEditor.ProBuilder.HierarchyListener:.cctor () (at Library/PackageCache/com.unity.probuilder@4.5.0/Editor/EditorCore/HierarchyListener.cs:21)
System.Runtime.CompilerServices.RuntimeHelpers:RunClassConstructor (System.RuntimeTypeHandle)
UnityEditor.EditorAssemblies:ProcessInitializeOnLoadAttributes (System.Type[])

[Library/PackageCache/com.unity.probuilder@4.5.0/Editor/EditorCore/EditorUtility.cs line 593]

Mono: successfully reloaded assembly
- Completed reload, in  0.663 seconds
Platform modules already initialized, skipping
Refreshing native plugins compatible for Editor in 0.44 ms, found 0 plugins.
Preloading 0 native plugins for Editor in 0.00 ms.
Unloading 1730 Unused Serialized files (Serialized files now loaded: 0)
System memory in use before: 124.1 MB.
System memory in use after: 123.9 MB.

Unloading 6 unused Assets to reduce memory usage. Loaded Objects now: 2461.
Total: 2.055900 ms (FindLiveObjects: 0.169500 ms CreateObjectMapping: 0.067900 ms MarkObjects: 1.478300 ms  DeleteObjects: 0.339500 ms)

AssetImportWorkerClient::OnTransportError - code=2 error=End of file
